{"body":{},"headers":{"accept":"*/*","accept-encoding":"gzip, deflate, br","accept-language":"en-US,en;q=0.9","access-control-request-headers":"content-type","access-control-request-method":"POST","connection":"keep-alive","host":"localhost:8000","origin":"http://localhost:5173","referer":"http://localhost:5173/","sec-fetch-dest":"empty","sec-fetch-mode":"cors","sec-fetch-site":"same-site","user-agent":"Mozilla/5.0 (Macintosh; Intel Mac OS X 10_15_7) AppleWebKit/537.36 (KHTML, like Gecko) Chrome/114.0.0.0 Safari/537.36"},"level":"info","method":"OPTIONS","timestamp":"2023-06-23T04:44:06.951Z","url":"/user/login"}
{"body":{"email":"aaron@example2.com","password":"password"},"headers":{"accept":"application/json, text/plain, */*","accept-encoding":"gzip, deflate, br","accept-language":"en-US,en;q=0.9","connection":"keep-alive","content-length":"52","content-type":"application/json","cookie":"connect.sid=s%3A9XS5qJpE1IQDvo7lGBKJB0mNVqYam1bc.hgac0MDcU%2Frv%2FyMxo7EmBrPqr8eKdvYVz2EAPmy51y8","host":"localhost:8000","origin":"http://localhost:5173","referer":"http://localhost:5173/","sec-ch-ua":"\"Not.A/Brand\";v=\"8\", \"Chromium\";v=\"114\", \"Google Chrome\";v=\"114\"","sec-ch-ua-mobile":"?0","sec-ch-ua-platform":"\"macOS\"","sec-fetch-dest":"empty","sec-fetch-mode":"cors","sec-fetch-site":"same-site","user-agent":"Mozilla/5.0 (Macintosh; Intel Mac OS X 10_15_7) AppleWebKit/537.36 (KHTML, like Gecko) Chrome/114.0.0.0 Safari/537.36"},"level":"info","method":"POST","timestamp":"2023-06-23T04:44:07.055Z","url":"/user/login"}
{"body":{},"headers":{"accept":"application/json, text/plain, */*","accept-encoding":"gzip, deflate, br","accept-language":"en-US,en;q=0.9","connection":"keep-alive","cookie":"connect.sid=s%3AM_UEYXdp3TIavjHjiUvuv_BpqK03Qwd2.RtilRQQ4ImucvaX3FkngDtGZ2oP27xd%2FPx8Jn8yk8Tw","host":"localhost:8000","if-none-match":"W/\"71c-HCL8JgC4ScA1YvfpTkve9BgTE1w\"","origin":"http://localhost:5173","referer":"http://localhost:5173/","sec-ch-ua":"\"Not.A/Brand\";v=\"8\", \"Chromium\";v=\"114\", \"Google Chrome\";v=\"114\"","sec-ch-ua-mobile":"?0","sec-ch-ua-platform":"\"macOS\"","sec-fetch-dest":"empty","sec-fetch-mode":"cors","sec-fetch-site":"same-site","user-agent":"Mozilla/5.0 (Macintosh; Intel Mac OS X 10_15_7) AppleWebKit/537.36 (KHTML, like Gecko) Chrome/114.0.0.0 Safari/537.36"},"level":"info","method":"GET","timestamp":"2023-06-23T04:44:07.508Z","url":"/chat"}
{"body":{},"headers":{"accept":"application/json, text/plain, */*","accept-encoding":"gzip, deflate, br","accept-language":"en-US,en;q=0.9","connection":"keep-alive","cookie":"connect.sid=s%3AM_UEYXdp3TIavjHjiUvuv_BpqK03Qwd2.RtilRQQ4ImucvaX3FkngDtGZ2oP27xd%2FPx8Jn8yk8Tw","host":"localhost:8000","if-none-match":"W/\"774-e5NSEaA9F8MAJ0MSbqvhEPIB1p0\"","origin":"http://localhost:5173","referer":"http://localhost:5173/","sec-ch-ua":"\"Not.A/Brand\";v=\"8\", \"Chromium\";v=\"114\", \"Google Chrome\";v=\"114\"","sec-ch-ua-mobile":"?0","sec-ch-ua-platform":"\"macOS\"","sec-fetch-dest":"empty","sec-fetch-mode":"cors","sec-fetch-site":"same-site","user-agent":"Mozilla/5.0 (Macintosh; Intel Mac OS X 10_15_7) AppleWebKit/537.36 (KHTML, like Gecko) Chrome/114.0.0.0 Safari/537.36"},"level":"info","method":"GET","timestamp":"2023-06-23T04:44:07.555Z","url":"/chat"}
{"body":{},"headers":{"accept":"*/*","accept-encoding":"gzip, deflate, br","accept-language":"en-US,en;q=0.9","access-control-request-headers":"content-type","access-control-request-method":"POST","connection":"keep-alive","host":"localhost:8000","origin":"http://localhost:5173","referer":"http://localhost:5173/","sec-fetch-dest":"empty","sec-fetch-mode":"cors","sec-fetch-site":"same-site","user-agent":"Mozilla/5.0 (Macintosh; Intel Mac OS X 10_15_7) AppleWebKit/537.36 (KHTML, like Gecko) Chrome/114.0.0.0 Safari/537.36"},"level":"info","method":"OPTIONS","timestamp":"2023-06-23T04:44:25.315Z","url":"/chat/"}
{"body":{"title":"Meeting a friend"},"headers":{"accept":"application/json, text/plain, */*","accept-encoding":"gzip, deflate, br","accept-language":"en-US,en;q=0.9","connection":"keep-alive","content-length":"28","content-type":"application/json","cookie":"connect.sid=s%3AM_UEYXdp3TIavjHjiUvuv_BpqK03Qwd2.RtilRQQ4ImucvaX3FkngDtGZ2oP27xd%2FPx8Jn8yk8Tw","host":"localhost:8000","origin":"http://localhost:5173","referer":"http://localhost:5173/","sec-ch-ua":"\"Not.A/Brand\";v=\"8\", \"Chromium\";v=\"114\", \"Google Chrome\";v=\"114\"","sec-ch-ua-mobile":"?0","sec-ch-ua-platform":"\"macOS\"","sec-fetch-dest":"empty","sec-fetch-mode":"cors","sec-fetch-site":"same-site","user-agent":"Mozilla/5.0 (Macintosh; Intel Mac OS X 10_15_7) AppleWebKit/537.36 (KHTML, like Gecko) Chrome/114.0.0.0 Safari/537.36"},"level":"info","method":"POST","timestamp":"2023-06-23T04:44:25.322Z","url":"/chat/"}
{"level":"info","message":"Initial message choices: [object Object]"}
{"body":{},"headers":{"accept":"application/json, text/plain, */*","accept-encoding":"gzip, deflate, br","accept-language":"en-US,en;q=0.9","connection":"keep-alive","cookie":"connect.sid=s%3AM_UEYXdp3TIavjHjiUvuv_BpqK03Qwd2.RtilRQQ4ImucvaX3FkngDtGZ2oP27xd%2FPx8Jn8yk8Tw","host":"localhost:8000","origin":"http://localhost:5173","referer":"http://localhost:5173/","sec-ch-ua":"\"Not.A/Brand\";v=\"8\", \"Chromium\";v=\"114\", \"Google Chrome\";v=\"114\"","sec-ch-ua-mobile":"?0","sec-ch-ua-platform":"\"macOS\"","sec-fetch-dest":"empty","sec-fetch-mode":"cors","sec-fetch-site":"same-site","user-agent":"Mozilla/5.0 (Macintosh; Intel Mac OS X 10_15_7) AppleWebKit/537.36 (KHTML, like Gecko) Chrome/114.0.0.0 Safari/537.36"},"level":"info","method":"GET","timestamp":"2023-06-23T04:44:26.915Z","url":"/chat/59/messages"}
{"body":{},"headers":{"accept":"*/*","accept-encoding":"gzip, deflate, br","accept-language":"en-US,en;q=0.9","access-control-request-headers":"content-type","access-control-request-method":"POST","connection":"keep-alive","host":"localhost:8000","origin":"http://localhost:5173","referer":"http://localhost:5173/","sec-fetch-dest":"empty","sec-fetch-mode":"cors","sec-fetch-site":"same-site","user-agent":"Mozilla/5.0 (Macintosh; Intel Mac OS X 10_15_7) AppleWebKit/537.36 (KHTML, like Gecko) Chrome/114.0.0.0 Safari/537.36"},"level":"info","method":"OPTIONS","timestamp":"2023-06-23T04:48:52.344Z","url":"/message/"}
{"body":{"chatId":59,"content":"No estoy ocupado."},"headers":{"accept":"application/json, text/plain, */*","accept-encoding":"gzip, deflate, br","accept-language":"en-US,en;q=0.9","connection":"keep-alive","content-length":"43","content-type":"application/json","cookie":"connect.sid=s%3AM_UEYXdp3TIavjHjiUvuv_BpqK03Qwd2.RtilRQQ4ImucvaX3FkngDtGZ2oP27xd%2FPx8Jn8yk8Tw","host":"localhost:8000","origin":"http://localhost:5173","referer":"http://localhost:5173/","sec-ch-ua":"\"Not.A/Brand\";v=\"8\", \"Chromium\";v=\"114\", \"Google Chrome\";v=\"114\"","sec-ch-ua-mobile":"?0","sec-ch-ua-platform":"\"macOS\"","sec-fetch-dest":"empty","sec-fetch-mode":"cors","sec-fetch-site":"same-site","user-agent":"Mozilla/5.0 (Macintosh; Intel Mac OS X 10_15_7) AppleWebKit/537.36 (KHTML, like Gecko) Chrome/114.0.0.0 Safari/537.36"},"level":"info","method":"POST","timestamp":"2023-06-23T04:48:52.365Z","url":"/message/"}
{"level":"info","message":"GPT response choices: [object Object]"}
{"body":{},"headers":{"accept":"*/*","accept-encoding":"gzip, deflate, br","accept-language":"en-US,en;q=0.9","access-control-request-headers":"content-type","access-control-request-method":"POST","connection":"keep-alive","host":"localhost:8000","origin":"http://localhost:5173","referer":"http://localhost:5173/","sec-fetch-dest":"empty","sec-fetch-mode":"cors","sec-fetch-site":"same-site","user-agent":"Mozilla/5.0 (Macintosh; Intel Mac OS X 10_15_7) AppleWebKit/537.36 (KHTML, like Gecko) Chrome/114.0.0.0 Safari/537.36"},"level":"info","method":"OPTIONS","timestamp":"2023-06-23T04:49:11.598Z","url":"/message/"}
{"body":{"chatId":59,"content":"No, no tengo nada tiempo!"},"headers":{"accept":"application/json, text/plain, */*","accept-encoding":"gzip, deflate, br","accept-language":"en-US,en;q=0.9","connection":"keep-alive","content-length":"51","content-type":"application/json","cookie":"connect.sid=s%3AM_UEYXdp3TIavjHjiUvuv_BpqK03Qwd2.RtilRQQ4ImucvaX3FkngDtGZ2oP27xd%2FPx8Jn8yk8Tw","host":"localhost:8000","origin":"http://localhost:5173","referer":"http://localhost:5173/","sec-ch-ua":"\"Not.A/Brand\";v=\"8\", \"Chromium\";v=\"114\", \"Google Chrome\";v=\"114\"","sec-ch-ua-mobile":"?0","sec-ch-ua-platform":"\"macOS\"","sec-fetch-dest":"empty","sec-fetch-mode":"cors","sec-fetch-site":"same-site","user-agent":"Mozilla/5.0 (Macintosh; Intel Mac OS X 10_15_7) AppleWebKit/537.36 (KHTML, like Gecko) Chrome/114.0.0.0 Safari/537.36"},"level":"info","method":"POST","timestamp":"2023-06-23T04:49:11.602Z","url":"/message/"}
{"level":"info","message":"GPT response choices: [object Object]"}
{"body":{},"headers":{"accept":"*/*","accept-encoding":"gzip, deflate, br","accept-language":"en-US,en;q=0.9","access-control-request-headers":"content-type","access-control-request-method":"POST","connection":"keep-alive","host":"localhost:8000","origin":"http://localhost:5173","referer":"http://localhost:5173/","sec-fetch-dest":"empty","sec-fetch-mode":"cors","sec-fetch-site":"same-site","user-agent":"Mozilla/5.0 (Macintosh; Intel Mac OS X 10_15_7) AppleWebKit/537.36 (KHTML, like Gecko) Chrome/114.0.0.0 Safari/537.36"},"level":"info","method":"OPTIONS","timestamp":"2023-06-23T04:49:35.583Z","url":"/message/"}
{"body":{"chatId":59,"content":"Si, tengo mucho trabajo"},"headers":{"accept":"application/json, text/plain, */*","accept-encoding":"gzip, deflate, br","accept-language":"en-US,en;q=0.9","connection":"keep-alive","content-length":"49","content-type":"application/json","cookie":"connect.sid=s%3AM_UEYXdp3TIavjHjiUvuv_BpqK03Qwd2.RtilRQQ4ImucvaX3FkngDtGZ2oP27xd%2FPx8Jn8yk8Tw","host":"localhost:8000","origin":"http://localhost:5173","referer":"http://localhost:5173/","sec-ch-ua":"\"Not.A/Brand\";v=\"8\", \"Chromium\";v=\"114\", \"Google Chrome\";v=\"114\"","sec-ch-ua-mobile":"?0","sec-ch-ua-platform":"\"macOS\"","sec-fetch-dest":"empty","sec-fetch-mode":"cors","sec-fetch-site":"same-site","user-agent":"Mozilla/5.0 (Macintosh; Intel Mac OS X 10_15_7) AppleWebKit/537.36 (KHTML, like Gecko) Chrome/114.0.0.0 Safari/537.36"},"level":"info","method":"POST","timestamp":"2023-06-23T04:49:35.586Z","url":"/message/"}
{"level":"info","message":"GPT response choices: [object Object]"}
{"body":{},"level":"info","method":"OPTIONS","timestamp":"2023-06-23T04:52:01.552Z","url":"/message/"}
{"body":{"chatId":59,"content":"Trabajo por computador, como programmer"},"level":"info","method":"POST","timestamp":"2023-06-23T04:52:01.574Z","url":"/message/"}
{"level":"info","message":"GPT response choices: [object Object]"}
{"level":"error","message":"Error parsing response text: SyntaxError: Unexpected token M in JSON at position 2"}
{"body":{},"level":"info","method":"GET","timestamp":"2023-06-23T04:57:47.818Z","url":"/chat/58/messages"}
{"body":{},"level":"info","method":"GET","timestamp":"2023-06-23T04:57:48.697Z","url":"/chat/59/messages"}
{"body":{},"level":"info","method":"GET","timestamp":"2023-06-23T04:57:50.219Z","url":"/chat/58/messages"}
{"body":{},"level":"info","method":"GET","timestamp":"2023-06-23T04:57:51.053Z","url":"/chat/59/messages"}
{"body":{},"level":"info","method":"OPTIONS","timestamp":"2023-06-23T04:58:49.571Z","url":"/chat/"}
{"body":{"title":"meeting a friend"},"level":"info","method":"POST","timestamp":"2023-06-23T04:58:49.592Z","url":"/chat/"}
{"level":"info","message":"Initial message choices: ¡Hola amigo! ¿Cómo estás hoy?"}
{"body":{},"level":"info","method":"GET","timestamp":"2023-06-23T04:58:50.470Z","url":"/chat/60/messages"}
{"body":{},"level":"info","method":"OPTIONS","timestamp":"2023-06-23T04:59:22.616Z","url":"/message/"}
{"body":{"chatId":60,"content":"Estoy muy bien, y tu?"},"level":"info","method":"POST","timestamp":"2023-06-23T04:59:22.620Z","url":"/message/"}
{"level":"info","message":"GPT response choices: {\"Message\": \"Estoy bien también, gracias por preguntar.\", \"Correction\": \"Estoy muy bien, ¿y tú?\"}"}
{"level":"info","message":[{"finish_reason":"stop","index":0,"message":{"content":"{\"Message\": \"Estoy bien también, gracias por preguntar.\", \"Correction\": \"Estoy muy bien, ¿y tú?\"}","role":"assistant"}}]}
{"body":{},"level":"info","method":"OPTIONS","timestamp":"2023-06-23T05:01:36.923Z","url":"/message/"}
{"body":{"chatId":60,"content":"De nada!"},"level":"info","method":"POST","timestamp":"2023-06-23T05:01:36.942Z","url":"/message/"}
{"level":"info","message":"GPT response choices: { Message: ¡De nada!*, Correction: De nada! (A missing exclamation mark at the end)}"}
{"level":"info","message":[{"finish_reason":"stop","index":0,"message":{"content":"{ Message: ¡De nada!*, Correction: De nada! (A missing exclamation mark at the end)}","role":"assistant"}}]}
{"level":"error","message":"Error parsing response text: SyntaxError: Unexpected token M in JSON at position 2"}
{"body":{},"level":"info","method":"GET","timestamp":"2023-06-23T05:02:51.364Z","url":"/chat/59/messages"}
{"body":{},"level":"info","method":"GET","timestamp":"2023-06-23T05:02:52.117Z","url":"/chat/60/messages"}
{"body":{},"level":"info","method":"OPTIONS","timestamp":"2023-06-23T05:02:54.455Z","url":"/message/"}
{"body":{"chatId":60,"content":"De nada!"},"level":"info","method":"POST","timestamp":"2023-06-23T05:02:54.458Z","url":"/message/"}
{"level":"info","message":"GPT response choices: { \"Message\": \"¡De nada!\", \"Correction\": null }"}
{"level":"info","message":[{"finish_reason":"stop","index":0,"message":{"content":"{ \"Message\": \"¡De nada!\", \"Correction\": null }","role":"assistant"}}]}
{"body":{},"level":"info","method":"OPTIONS","timestamp":"2023-06-23T05:03:14.580Z","url":"/message/"}
{"body":{"chatId":60,"content":"De nada"},"level":"info","method":"POST","timestamp":"2023-06-23T05:03:14.584Z","url":"/message/"}
{"level":"info","message":"GPT response choices: { Message: Disculpa, creo que has enviado un mensaje incompleto. ¿Querías decir \"¡De nada!\"?, Correction: \"De nada\"}"}
{"level":"info","message":[{"finish_reason":"stop","index":0,"message":{"content":"{ Message: Disculpa, creo que has enviado un mensaje incompleto. ¿Querías decir \"¡De nada!\"?, Correction: \"De nada\"}","role":"assistant"}}]}
{"level":"error","message":"Error parsing response text: SyntaxError: Unexpected token M in JSON at position 2"}
{"body":{},"level":"info","method":"GET","timestamp":"2023-06-23T05:04:03.630Z","url":"/chat/59/messages"}
{"body":{},"level":"info","method":"GET","timestamp":"2023-06-23T05:04:04.163Z","url":"/chat/60/messages"}
{"body":{},"level":"info","method":"OPTIONS","timestamp":"2023-06-23T05:04:09.603Z","url":"/message/"}
{"body":{"chatId":60,"content":"Como estas?"},"level":"info","method":"POST","timestamp":"2023-06-23T05:04:09.607Z","url":"/message/"}
{"level":"info","message":"GPT response choices: { Message: ¿Cómo estás?, Correction: \"¿Cómo estás?\" }"}
{"level":"info","message":[{"finish_reason":"stop","index":0,"message":{"content":"{ Message: ¿Cómo estás?, Correction: \"¿Cómo estás?\" }","role":"assistant"}}]}
{"level":"error","message":"Error parsing response text: SyntaxError: Unexpected token M in JSON at position 2"}
{"body":{},"level":"info","method":"GET","timestamp":"2023-06-23T05:05:45.830Z","url":"/chat/59/messages"}
{"body":{},"level":"info","method":"GET","timestamp":"2023-06-23T05:05:46.662Z","url":"/chat/60/messages"}
{"body":{},"level":"info","method":"OPTIONS","timestamp":"2023-06-23T05:05:49.203Z","url":"/message/"}
{"body":{"chatId":60,"content":"Como estas?"},"level":"info","method":"POST","timestamp":"2023-06-23T05:05:49.215Z","url":"/message/"}
{"level":"info","message":"GPT response choices: { \"Message\": \"¿Cómo estás?\", \"Correction\": \"Como estás?\" }"}
{"level":"info","message":[{"finish_reason":"stop","index":0,"message":{"content":"{ \"Message\": \"¿Cómo estás?\", \"Correction\": \"Como estás?\" }","role":"assistant"}}]}
{"body":{},"level":"info","method":"OPTIONS","timestamp":"2023-06-23T05:06:06.204Z","url":"/message/"}
{"body":{"chatId":60,"content":"Bien, y tu?"},"level":"info","method":"POST","timestamp":"2023-06-23T05:06:06.208Z","url":"/message/"}
{"level":"info","message":"GPT response choices: { \"Message\": \"Estoy bien también, gracias por preguntar.\", \"Correction\": \"null\" }"}
{"level":"info","message":[{"finish_reason":"stop","index":0,"message":{"content":"{ \"Message\": \"Estoy bien también, gracias por preguntar.\", \"Correction\": \"null\" }","role":"assistant"}}]}
{"body":{},"level":"info","method":"OPTIONS","timestamp":"2023-06-23T05:06:32.694Z","url":"/chat/"}
{"body":{"title":"lost in barranquila"},"level":"info","method":"POST","timestamp":"2023-06-23T05:06:32.698Z","url":"/chat/"}
{"level":"info","message":"Initial message choices: Hola, ¿puede ayudarme a encontrar mi camino? Estoy perdido/a en Barranquilla."}
{"body":{},"level":"info","method":"GET","timestamp":"2023-06-23T05:06:34.280Z","url":"/chat/61/messages"}
{"body":{},"level":"info","method":"OPTIONS","timestamp":"2023-06-23T05:07:45.618Z","url":"/message/"}
{"body":{"chatId":61,"content":"Ay, que triste. Espero que no estes preocupada."},"level":"info","method":"POST","timestamp":"2023-06-23T05:07:45.622Z","url":"/message/"}
{"level":"info","message":"GPT response choices: { \"Message\": \"No estoy preocupado/a, solo necesito un poco de ayuda para encontrar mi camino. ¿Puede ofrecerme alguna dirección o consejo para llegar a mi destino?\", \"Correction\": \"Ay, qué triste. Espero que no estés preocupado/a.\" }"}
{"level":"info","message":[{"finish_reason":"stop","index":0,"message":{"content":"{ \"Message\": \"No estoy preocupado/a, solo necesito un poco de ayuda para encontrar mi camino. ¿Puede ofrecerme alguna dirección o consejo para llegar a mi destino?\", \"Correction\": \"Ay, qué triste. Espero que no estés preocupado/a.\" }","role":"assistant"}}]}
{"body":{},"level":"info","method":"OPTIONS","timestamp":"2023-06-23T05:09:45.128Z","url":"/message/"}
{"body":{"chatId":61,"content":"Bueno, donde aparcó tu carro?"},"level":"info","method":"POST","timestamp":"2023-06-23T05:09:45.131Z","url":"/message/"}
{"level":"info","message":"GPT response choices: { \"Message\": \"Lo siento, no tengo un carro. Estoy caminando por la ciudad y me perdí. ¿Hay algún lugar recomendado para visitar aquí en Barranquilla?\", \"Correction\": \"Bueno, ¿dónde aparcaste tu carro?\" }"}
{"level":"info","message":[{"finish_reason":"stop","index":0,"message":{"content":"{ \"Message\": \"Lo siento, no tengo un carro. Estoy caminando por la ciudad y me perdí. ¿Hay algún lugar recomendado para visitar aquí en Barranquilla?\", \"Correction\": \"Bueno, ¿dónde aparcaste tu carro?\" }","role":"assistant"}}]}
{"body":{},"level":"info","method":"GET","timestamp":"2023-06-23T05:10:52.077Z","url":"/chat/37/messages"}
{"body":{},"level":"info","method":"GET","timestamp":"2023-06-23T05:10:52.696Z","url":"/chat/38/messages"}
{"body":{},"level":"info","method":"GET","timestamp":"2023-06-23T05:10:54.487Z","url":"/chat/61/messages"}
{"body":{},"level":"info","method":"GET","timestamp":"2023-06-23T05:16:24.972Z","url":"/chat/37/messages"}
{"body":{},"level":"info","method":"OPTIONS","timestamp":"2023-06-23T05:16:29.709Z","url":"/message/"}
{"body":{"chatId":37,"content":"Hola"},"level":"info","method":"POST","timestamp":"2023-06-23T05:16:29.711Z","url":"/message/"}
{"level":"info","message":"GPT response choices: { \"Message\": \"Hola, ¿cómo estás?\", \"Correction\": \"Hola\" }"}
{"level":"info","message":[{"finish_reason":"stop","index":0,"message":{"content":"{ \"Message\": \"Hola, ¿cómo estás?\", \"Correction\": \"Hola\" }","role":"assistant"}}]}
{"body":{},"level":"info","method":"OPTIONS","timestamp":"2023-06-23T05:16:38.240Z","url":"/message/"}
{"body":{"chatId":37,"content":"Muy bien"},"level":"info","method":"POST","timestamp":"2023-06-23T05:16:38.243Z","url":"/message/"}
{"level":"info","message":"GPT response choices: { \"Message\": \"Me alegro. ¿Hay algo en lo que pueda ayudarte?\", \"Correction\": \"Muy bien.\" }"}
{"level":"info","message":[{"finish_reason":"stop","index":0,"message":{"content":"{ \"Message\": \"Me alegro. ¿Hay algo en lo que pueda ayudarte?\", \"Correction\": \"Muy bien.\" }","role":"assistant"}}]}
{"body":{},"level":"info","method":"OPTIONS","timestamp":"2023-06-23T05:16:43.295Z","url":"/message/"}
{"body":{"chatId":37,"content":"No"},"level":"info","method":"POST","timestamp":"2023-06-23T05:16:43.297Z","url":"/message/"}
{"level":"info","message":"GPT response choices: { \"Message\": \"De acuerdo, si necesitas algo en el futuro, no dudes en preguntar.\", \"Correction\": \"No\" }"}
{"level":"info","message":[{"finish_reason":"stop","index":0,"message":{"content":"{ \"Message\": \"De acuerdo, si necesitas algo en el futuro, no dudes en preguntar.\", \"Correction\": \"No\" }","role":"assistant"}}]}
{"body":{},"level":"info","method":"OPTIONS","timestamp":"2023-06-23T05:16:50.177Z","url":"/message/"}
{"body":{"chatId":37,"content":"shut up"},"level":"info","method":"POST","timestamp":"2023-06-23T05:16:50.180Z","url":"/message/"}
{"level":"info","message":"GPT response choices: { \"Message\": \"Lo siento, pero esa no es una respuesta apropiada en una conversación respetuosa. ¿Hay algo más en lo que pueda ayudarte?\", \"Correction\": \"Mensaje: shut up\" }"}
{"level":"info","message":[{"finish_reason":"stop","index":0,"message":{"content":"{ \"Message\": \"Lo siento, pero esa no es una respuesta apropiada en una conversación respetuosa. ¿Hay algo más en lo que pueda ayudarte?\", \"Correction\": \"Mensaje: shut up\" }","role":"assistant"}}]}
{"body":{},"level":"info","method":"OPTIONS","timestamp":"2023-06-23T05:17:04.762Z","url":"/message/"}
{"body":{"chatId":37,"content":"No, lo siento"},"level":"info","method":"POST","timestamp":"2023-06-23T05:17:04.765Z","url":"/message/"}
{"level":"info","message":"GPT response choices: { \"Message\": \"Está bien, no te preocupes. Si necesitas mi ayuda en el futuro, aquí estaré. ¡Que tengas un buen día!\", \"Correction\": \"null\" }"}
{"level":"info","message":[{"finish_reason":"stop","index":0,"message":{"content":"{ \"Message\": \"Está bien, no te preocupes. Si necesitas mi ayuda en el futuro, aquí estaré. ¡Que tengas un buen día!\", \"Correction\": \"null\" }","role":"assistant"}}]}
{"body":{},"level":"info","method":"OPTIONS","timestamp":"2023-06-23T05:17:14.210Z","url":"/message/"}
{"body":{"chatId":37,"content":"Ciao"},"level":"info","method":"POST","timestamp":"2023-06-23T05:17:14.213Z","url":"/message/"}
{"level":"info","message":"GPT response choices: { \"Message\": \"Hola, ¿en qué puedo ayudarte?\", \"Correction\": \"Ciao\" }"}
{"level":"info","message":[{"finish_reason":"stop","index":0,"message":{"content":"{ \"Message\": \"Hola, ¿en qué puedo ayudarte?\", \"Correction\": \"Ciao\" }","role":"assistant"}}]}
{"body":{},"level":"info","method":"OPTIONS","timestamp":"2023-06-23T05:17:26.454Z","url":"/message/"}
{"body":{"chatId":37,"content":"speak english"},"level":"info","method":"POST","timestamp":"2023-06-23T05:17:26.459Z","url":"/message/"}
{"level":"info","message":"GPT response choices: { \"Message\": \"Lo siento, pero actualmente solo hablo español. ¿Hay algo en lo que pueda ayudarte en español?\", \"Correction\": \"null\" }"}
{"level":"info","message":[{"finish_reason":"stop","index":0,"message":{"content":"{ \"Message\": \"Lo siento, pero actualmente solo hablo español. ¿Hay algo en lo que pueda ayudarte en español?\", \"Correction\": \"null\" }","role":"assistant"}}]}
{"body":{},"level":"info","method":"OPTIONS","timestamp":"2023-06-23T05:17:43.661Z","url":"/message/"}
{"body":{"chatId":37,"content":"No i need you to speak english or i will die"},"level":"info","method":"POST","timestamp":"2023-06-23T05:17:43.664Z","url":"/message/"}
{"level":"info","message":"GPT response choices: { \"Message\": \"I apologize for the inconvenience, but as an AI language model, I can only communicate in Spanish. However, there are several online translation tools available that can help us communicate effectively. Is there anything specific you need help with?\", \"Correction\": \"No, necesito que hables inglés o moriré.\" }"}
{"level":"info","message":[{"finish_reason":"stop","index":0,"message":{"content":"{ \"Message\": \"I apologize for the inconvenience, but as an AI language model, I can only communicate in Spanish. However, there are several online translation tools available that can help us communicate effectively. Is there anything specific you need help with?\", \"Correction\": \"No, necesito que hables inglés o moriré.\" }","role":"assistant"}}]}
{"body":{},"level":"info","method":"OPTIONS","timestamp":"2023-06-23T05:18:01.041Z","url":"/message/"}
{"body":{"chatId":37,"content":"no"},"level":"info","method":"POST","timestamp":"2023-06-23T05:18:01.044Z","url":"/message/"}
{"level":"info","message":"GPT response choices: { \"Message\": \"De acuerdo, si necesitas ayuda en el futuro, no dudes en preguntar.\", \"Correction\": \"null\" }"}
{"level":"info","message":[{"finish_reason":"stop","index":0,"message":{"content":"{ \"Message\": \"De acuerdo, si necesitas ayuda en el futuro, no dudes en preguntar.\", \"Correction\": \"null\" }","role":"assistant"}}]}
{"body":{},"level":"info","method":"GET","timestamp":"2023-06-23T05:19:23.330Z","url":"/chat/38/messages"}
{"body":{},"level":"info","method":"GET","timestamp":"2023-06-23T05:19:23.839Z","url":"/chat/37/messages"}
{"body":{},"level":"info","method":"OPTIONS","timestamp":"2023-06-23T05:19:29.531Z","url":"/message/"}
{"body":{"chatId":37,"content":"gracias"},"level":"info","method":"POST","timestamp":"2023-06-23T05:19:29.535Z","url":"/message/"}
{"level":"info","message":"GPT response choices: { \"Message\": \"De nada. ¡Que tengas un buen día!\", \"Correction\": \"null\" }"}
{"level":"info","message":[{"finish_reason":"stop","index":0,"message":{"content":"{ \"Message\": \"De nada. ¡Que tengas un buen día!\", \"Correction\": \"null\" }","role":"assistant"}}]}
{"body":{},"level":"info","method":"GET","timestamp":"2023-06-23T05:20:07.786Z","url":"/user"}
{"body":{},"level":"info","method":"GET","timestamp":"2023-06-23T05:20:07.863Z","url":"/user"}
{"body":{},"level":"info","method":"GET","timestamp":"2023-06-23T05:20:07.925Z","url":"/chat"}
{"body":{},"level":"info","method":"GET","timestamp":"2023-06-23T05:20:07.939Z","url":"/chat"}
{"body":{},"level":"info","method":"GET","timestamp":"2023-06-23T15:18:29.624Z","url":"/user"}
{"body":{},"level":"info","method":"GET","timestamp":"2023-06-23T15:18:29.884Z","url":"/user"}
{"body":{"email":"aaron@email.com","password":"password"},"level":"info","method":"POST","timestamp":"2023-06-23T22:40:53.145Z","url":"/user/login"}
{"body":{"email":"aaron@email.com","password":"password","username":"aaron"},"level":"info","method":"POST","timestamp":"2023-06-23T22:41:16.255Z","url":"/user/register"}
{"body":{"email":"aaron@email.com","password":"password"},"level":"info","method":"POST","timestamp":"2023-06-23T22:41:26.227Z","url":"/user/login"}
{"body":{"email":"aaron@email.com","password":"password"},"level":"info","method":"POST","timestamp":"2023-06-23T22:46:20.779Z","url":"/user/login"}
{"body":{"email":"aaron@email.com","password":"password"},"level":"info","method":"POST","timestamp":"2023-06-23T23:26:32.544Z","url":"/user/login"}
{"body":{"email":"aaron@email.com","password":"password"},"level":"info","method":"POST","timestamp":"2023-06-23T23:26:39.164Z","url":"/user/login"}
{"body":{"email":"aaron@email.com","password":"password"},"level":"info","method":"POST","timestamp":"2023-06-23T23:26:54.907Z","url":"/user/login"}
{"body":{"email":"aaron@email.com","password":"password","username":"aaron"},"level":"info","method":"POST","timestamp":"2023-06-23T23:26:59.974Z","url":"/user/register"}
{"body":{"email":"aaron@email.com","password":"password"},"level":"info","method":"POST","timestamp":"2023-06-23T23:27:10.955Z","url":"/user/login"}
{"body":{"email":"aaron@email.com","password":"password"},"level":"info","method":"POST","timestamp":"2023-06-23T23:27:22.890Z","url":"/user/login"}
{"body":{"email":"aaron@email.com","password":"password"},"level":"info","method":"POST","timestamp":"2023-06-23T23:27:44.799Z","url":"/user/login"}
{"body":{"email":"aaron@email.com","password":"password","username":"aaron"},"level":"info","method":"POST","timestamp":"2023-06-23T23:32:20.001Z","url":"/user/register"}
{"body":{"email":"aaron@email.com","password":"password","username":"aaron"},"level":"info","method":"POST","timestamp":"2023-06-23T23:33:25.658Z","url":"/user/register"}
{"body":{"email":"aaron@email.com","password":"password"},"level":"info","method":"POST","timestamp":"2023-06-23T23:34:40.371Z","url":"/user/login"}
{"body":{"email":"aaron@email.com","password":"password","username":"aaron"},"level":"info","method":"POST","timestamp":"2023-06-23T23:36:53.308Z","url":"/user/register"}
{"body":{"email":"aaron@email.com","password":"password"},"level":"info","method":"POST","timestamp":"2023-06-23T23:41:45.150Z","url":"/user/login"}
{"body":{"email":"aaron@email.com","password":"password","username":"aaron"},"level":"info","method":"POST","timestamp":"2023-06-23T23:59:15.659Z","url":"/user/register"}
{"body":{"email":"aaron@email.com","password":"password"},"level":"info","method":"POST","timestamp":"2023-06-23T23:59:29.420Z","url":"/user/login"}
{"body":{"email":"aaron@email.com","password":"password","username":"aaronk"},"level":"info","method":"POST","timestamp":"2023-06-23T23:59:44.372Z","url":"/user/register"}
{"body":{"email":"aaron@email.comk","password":"password","username":"aaronk"},"level":"info","method":"POST","timestamp":"2023-06-23T23:59:47.175Z","url":"/user/register"}
{"body":{"email":"aaron@email.comk","password":"password","username":"aaronk"},"level":"info","method":"POST","timestamp":"2023-06-24T00:01:13.573Z","url":"/user/register"}
{"body":{},"level":"info","method":"GET","timestamp":"2023-06-26T02:19:51.129Z","url":"/"}
{"body":{},"level":"info","method":"GET","timestamp":"2023-06-26T02:19:52.373Z","url":"/favicon.ico"}
{"body":{"email":"aaron@email.com","password":"password","username":"aaron"},"level":"info","method":"POST","timestamp":"2023-06-26T02:20:24.168Z","url":"/user/register"}
{"body":{"email":"aaron@email.com","password":"password"},"level":"info","method":"POST","timestamp":"2023-06-26T02:20:37.115Z","url":"/user/login"}
{"body":{},"level":"info","method":"OPTIONS","timestamp":"2023-06-26T02:43:56.271Z","url":"/user"}
{"body":{},"level":"info","method":"GET","timestamp":"2023-06-26T02:43:56.285Z","url":"/user"}
{"body":{},"level":"info","method":"OPTIONS","timestamp":"2023-06-26T02:44:05.665Z","url":"/user"}
{"body":{},"level":"info","method":"GET","timestamp":"2023-06-26T02:44:05.668Z","url":"/user"}
{"body":{},"level":"info","method":"OPTIONS","timestamp":"2023-06-26T02:44:28.392Z","url":"/user/register/"}
{"body":{},"level":"info","method":"OPTIONS","timestamp":"2023-06-26T02:45:31.810Z","url":"/user/register/"}
{"body":{},"level":"info","method":"OPTIONS","timestamp":"2023-06-26T02:47:41.362Z","url":"/user/register/"}
{"body":{"email":"aaron@email.com","password":"password","username":"Aaron"},"level":"info","method":"POST","timestamp":"2023-06-26T02:47:41.387Z","url":"/user/register/"}
{"body":{},"level":"info","method":"OPTIONS","timestamp":"2023-06-26T02:48:06.486Z","url":"/user/register/"}
{"body":{"email":"aaron@email.com","password":"password","username":"Aaron"},"level":"info","method":"POST","timestamp":"2023-06-26T02:48:06.490Z","url":"/user/register/"}
{"body":{},"level":"info","method":"GET","timestamp":"2023-06-26T02:50:42.141Z","url":"/user"}
{"body":{},"level":"info","method":"GET","timestamp":"2023-06-26T02:50:42.245Z","url":"/user"}
{"body":{},"level":"info","method":"OPTIONS","timestamp":"2023-06-26T02:50:45.711Z","url":"/user/login"}
{"body":{"email":"aaron@example2.com","password":"password"},"level":"info","method":"POST","timestamp":"2023-06-26T02:50:45.714Z","url":"/user/login"}
{"body":{},"level":"info","method":"GET","timestamp":"2023-06-26T02:50:55.540Z","url":"/user/login"}
{"body":{},"level":"info","method":"GET","timestamp":"2023-06-26T02:51:08.445Z","url":"/user"}
{"body":{},"level":"info","method":"GET","timestamp":"2023-06-26T02:51:08.504Z","url":"/user"}
{"body":{},"level":"info","method":"OPTIONS","timestamp":"2023-06-26T02:51:12.628Z","url":"/user/register/"}
{"body":{"email":"aaron@example2.com","password":"password","username":"aaron"},"level":"info","method":"POST","timestamp":"2023-06-26T02:51:12.631Z","url":"/user/register/"}
{"body":{},"level":"info","method":"GET","timestamp":"2023-06-26T02:51:13.268Z","url":"/chat"}
{"body":{},"level":"info","method":"GET","timestamp":"2023-06-26T02:51:13.511Z","url":"/chat"}
{"body":{},"level":"info","method":"GET","timestamp":"2023-06-26T02:51:31.492Z","url":"/user/logout"}
{"body":{},"level":"info","method":"OPTIONS","timestamp":"2023-06-26T02:51:36.204Z","url":"/user/login"}
{"body":{"email":"aaron@example2.com","password":"password"},"level":"info","method":"POST","timestamp":"2023-06-26T02:51:36.208Z","url":"/user/login"}
{"body":{},"level":"info","method":"GET","timestamp":"2023-06-26T02:51:36.401Z","url":"/chat"}
{"body":{},"level":"info","method":"GET","timestamp":"2023-06-26T02:51:36.545Z","url":"/chat"}
{"body":{},"level":"info","method":"GET","timestamp":"2023-06-26T02:51:40.970Z","url":"/user/logout"}
{"body":{},"level":"info","method":"OPTIONS","timestamp":"2023-06-26T02:52:26.253Z","url":"/user/register/"}
{"body":{"email":"aaron@email.com","password":"password","username":"Aaron"},"level":"info","method":"POST","timestamp":"2023-06-26T02:52:26.258Z","url":"/user/register/"}
{"body":{},"level":"info","method":"OPTIONS","timestamp":"2023-06-26T02:53:49.596Z","url":"/user/login"}
{"body":{"email":"aaron@email.com","password":"password"},"level":"info","method":"POST","timestamp":"2023-06-26T02:53:49.600Z","url":"/user/login"}
{"body":{},"level":"info","method":"OPTIONS","timestamp":"2023-06-26T02:53:49.840Z","url":"/chat"}
{"body":{},"level":"info","method":"GET","timestamp":"2023-06-26T02:53:49.843Z","url":"/chat"}
{"body":{},"level":"info","method":"OPTIONS","timestamp":"2023-06-26T02:54:18.805Z","url":"/user"}
{"body":{},"level":"info","method":"GET","timestamp":"2023-06-26T02:54:18.809Z","url":"/user"}
{"body":{},"level":"info","method":"OPTIONS","timestamp":"2023-06-26T02:54:28.773Z","url":"/user/login"}
{"body":{"email":"asdfs","password":"sdfsfdsf"},"level":"info","method":"POST","timestamp":"2023-06-26T02:54:28.777Z","url":"/user/login"}
{"body":{"email":"asdf","password":"asdf"},"level":"info","method":"POST","timestamp":"2023-06-26T02:54:33.709Z","url":"/user/login"}
{"body":{},"level":"info","method":"OPTIONS","timestamp":"2023-06-26T02:54:40.756Z","url":"/user/login"}
{"body":{"email":"aaron@email.com","password":"password"},"level":"info","method":"POST","timestamp":"2023-06-26T02:54:40.760Z","url":"/user/login"}
{"body":{},"level":"info","method":"OPTIONS","timestamp":"2023-06-26T02:54:40.991Z","url":"/chat"}
{"body":{},"level":"info","method":"GET","timestamp":"2023-06-26T02:54:40.995Z","url":"/chat"}
{"body":{},"level":"info","method":"GET","timestamp":"2023-06-26T02:56:06.214Z","url":"/user"}
{"body":{},"level":"info","method":"OPTIONS","timestamp":"2023-06-26T02:56:24.998Z","url":"/user"}
{"body":{},"level":"info","method":"GET","timestamp":"2023-06-26T02:56:25.003Z","url":"/user"}
{"body":{},"level":"info","method":"OPTIONS","timestamp":"2023-06-26T02:56:33.145Z","url":"/user/register/"}
{"body":{"email":"asdf","password":"asdf","username":"aaron"},"level":"info","method":"POST","timestamp":"2023-06-26T02:56:33.148Z","url":"/user/register/"}
{"body":{},"level":"info","method":"OPTIONS","timestamp":"2023-06-26T02:56:33.578Z","url":"/chat"}
{"body":{},"level":"info","method":"GET","timestamp":"2023-06-26T02:56:33.583Z","url":"/chat"}
{"body":{},"level":"info","method":"OPTIONS","timestamp":"2023-06-26T02:57:02.367Z","url":"/user/login"}
{"body":{"email":"asdf","password":"asdf"},"level":"info","method":"POST","timestamp":"2023-06-26T02:57:02.370Z","url":"/user/login"}
{"body":{},"level":"info","method":"GET","timestamp":"2023-06-26T02:57:02.586Z","url":"/chat"}
{"body":{},"level":"info","method":"GET","timestamp":"2023-06-26T02:57:05.882Z","url":"/user/logout"}
{"body":{},"level":"info","method":"OPTIONS","timestamp":"2023-06-26T03:03:45.664Z","url":"/user"}
{"body":{},"level":"info","method":"GET","timestamp":"2023-06-26T03:03:45.668Z","url":"/user"}
{"body":{},"level":"info","method":"OPTIONS","timestamp":"2023-06-26T03:03:49.822Z","url":"/user/login"}
{"body":{"email":"asdf","password":"asdf"},"level":"info","method":"POST","timestamp":"2023-06-26T03:03:49.825Z","url":"/user/login"}
{"body":{},"level":"info","method":"OPTIONS","timestamp":"2023-06-26T03:03:50.441Z","url":"/chat"}
{"body":{},"level":"info","method":"GET","timestamp":"2023-06-26T03:03:50.447Z","url":"/chat"}
{"body":{},"level":"info","method":"OPTIONS","timestamp":"2023-06-26T03:04:18.767Z","url":"/user/login"}
{"body":{"email":"asdf","password":"asdf"},"level":"info","method":"POST","timestamp":"2023-06-26T03:04:18.770Z","url":"/user/login"}
{"body":{},"level":"info","method":"GET","timestamp":"2023-06-26T03:04:18.998Z","url":"/chat"}
{"body":{},"level":"info","method":"GET","timestamp":"2023-06-26T03:04:27.617Z","url":"/user"}
{"body":{},"level":"info","method":"GET","timestamp":"2023-06-26T03:04:27.738Z","url":"/chat"}
{"body":{},"level":"info","method":"OPTIONS","timestamp":"2023-06-26T03:05:39.620Z","url":"/user"}
{"body":{},"level":"info","method":"GET","timestamp":"2023-06-26T03:05:39.692Z","url":"/user"}
{"body":{},"level":"info","method":"GET","timestamp":"2023-06-26T03:05:41.983Z","url":"/user"}
{"body":{},"level":"info","method":"OPTIONS","timestamp":"2023-06-26T03:05:46.151Z","url":"/user/login"}
{"body":{"email":"asdf","password":"asdf"},"level":"info","method":"POST","timestamp":"2023-06-26T03:05:46.154Z","url":"/user/login"}
{"body":{},"level":"info","method":"OPTIONS","timestamp":"2023-06-26T03:05:46.389Z","url":"/chat"}
{"body":{},"level":"info","method":"GET","timestamp":"2023-06-26T03:05:46.396Z","url":"/chat"}
{"body":{},"level":"info","method":"OPTIONS","timestamp":"2023-06-26T03:05:54.299Z","url":"/user"}
{"body":{},"level":"info","method":"GET","timestamp":"2023-06-26T03:05:54.303Z","url":"/user"}
{"body":{},"level":"info","method":"OPTIONS","timestamp":"2023-06-26T03:10:09.094Z","url":"/user"}
{"body":{},"level":"info","method":"GET","timestamp":"2023-06-26T03:10:09.103Z","url":"/user"}
{"body":{},"level":"info","method":"GET","timestamp":"2023-06-26T03:10:13.332Z","url":"/user"}
{"body":{},"level":"info","method":"OPTIONS","timestamp":"2023-06-26T03:10:16.359Z","url":"/user"}
{"body":{},"level":"info","method":"GET","timestamp":"2023-06-26T03:10:16.364Z","url":"/user"}
{"body":{},"level":"info","method":"OPTIONS","timestamp":"2023-06-26T03:10:21.897Z","url":"/user/login"}
{"body":{"email":"asdf","password":"asdf"},"level":"info","method":"POST","timestamp":"2023-06-26T03:10:21.900Z","url":"/user/login"}
{"body":{},"level":"info","method":"OPTIONS","timestamp":"2023-06-26T03:10:22.139Z","url":"/chat"}
{"body":{},"level":"info","method":"GET","timestamp":"2023-06-26T03:10:22.146Z","url":"/chat"}
{"body":{},"level":"info","method":"OPTIONS","timestamp":"2023-06-26T03:31:34.431Z","url":"/user"}
{"body":{},"level":"info","method":"GET","timestamp":"2023-06-26T03:31:34.435Z","url":"/user"}
{"body":{"email":"aaron@email.com","password":"password"},"level":"info","method":"POST","timestamp":"2023-06-26T14:15:33.085Z","url":"/user/login"}
{"body":{"email":"aaron@email.com","password":"password"},"level":"info","method":"POST","timestamp":"2023-06-26T14:23:47.170Z","url":"/user/login"}
{"body":{},"level":"info","method":"GET","timestamp":"2023-06-26T14:23:52.922Z","url":"/user"}
{"body":{"email":"aaron@email.com","password":"password","username":"aaron"},"level":"info","method":"POST","timestamp":"2023-06-26T14:24:20.297Z","url":"/user/register"}
{"body":{"email":"aaron@email.comm","password":"password","username":"aaron"},"level":"info","method":"POST","timestamp":"2023-06-26T14:24:25.926Z","url":"/user/register"}
